2022-07-21T15:02:09,486 [background-preinit] INFO  (Version.java:30) - HV000001: Hibernate Validator 5.3.5.Final
2022-07-21T15:02:14,135 [main] INFO  (StartupInfoLogger.java:48) - Starting Log4j2Application v0.0.1-SNAPSHOT on Anuradhas-MBP.local with PID 12208 (/Users/Anuradha.P/PoC/java/spring-boot-log4j2-sample/target/spring-boot-log4j2-sample-0.0.1-SNAPSHOT.jar started by Anuradha.P in /Users/Anuradha.P/PoC/java/spring-boot-log4j2-sample)
2022-07-21T15:02:14,144 [main] INFO  (SpringApplication.java:637) - No active profile set, falling back to default profiles: default
2022-07-21T15:02:14,329 [main] INFO  (AbstractApplicationContext.java:582) - Refreshing org.springframework.boot.context.embedded.AnnotationConfigEmbeddedWebApplicationContext@7c53a9eb: startup date [Thu Jul 21 15:02:14 IST 2022]; root of context hierarchy
2022-07-21T15:02:15,925 [main] INFO  (TomcatEmbeddedServletContainer.java:89) - Tomcat initialized with port(s): 8080 (http)
2022-07-21T15:02:15,954 [main] INFO  (DirectJDKLog.java:179) - Starting service Tomcat
2022-07-21T15:02:15,956 [main] INFO  (DirectJDKLog.java:179) - Starting Servlet Engine: Apache Tomcat/8.5.14
2022-07-21T15:02:16,087 [localhost-startStop-1] INFO  (DirectJDKLog.java:179) - Initializing Spring embedded WebApplicationContext
2022-07-21T15:02:16,088 [localhost-startStop-1] INFO  (EmbeddedWebApplicationContext.java:276) - Root WebApplicationContext: initialization completed in 1763 ms
2022-07-21T15:02:16,368 [localhost-startStop-1] INFO  (ServletRegistrationBean.java:190) - Mapping servlet: 'dispatcherServlet' to [/]
2022-07-21T15:02:16,379 [localhost-startStop-1] INFO  (AbstractFilterRegistrationBean.java:258) - Mapping filter: 'characterEncodingFilter' to: [/*]
2022-07-21T15:02:16,380 [localhost-startStop-1] INFO  (AbstractFilterRegistrationBean.java:258) - Mapping filter: 'hiddenHttpMethodFilter' to: [/*]
2022-07-21T15:02:16,380 [localhost-startStop-1] INFO  (AbstractFilterRegistrationBean.java:258) - Mapping filter: 'httpPutFormContentFilter' to: [/*]
2022-07-21T15:02:16,381 [localhost-startStop-1] INFO  (AbstractFilterRegistrationBean.java:258) - Mapping filter: 'requestContextFilter' to: [/*]
2022-07-21T15:02:16,853 [main] INFO  (RequestMappingHandlerAdapter.java:534) - Looking for @ControllerAdvice: org.springframework.boot.context.embedded.AnnotationConfigEmbeddedWebApplicationContext@7c53a9eb: startup date [Thu Jul 21 15:02:14 IST 2022]; root of context hierarchy
2022-07-21T15:02:16,983 [main] INFO  (AbstractHandlerMethodMapping.java:543) - Mapped "{[/sample]}" onto public re.vianneyfaiv.log4j2.SampleResponse re.vianneyfaiv.log4j2.Log4j2Controller.Sample(java.lang.String)
2022-07-21T15:02:16,984 [main] INFO  (AbstractHandlerMethodMapping.java:543) - Mapped "{[]}" onto public void re.vianneyfaiv.log4j2.Log4j2Controller.test()
2022-07-21T15:02:16,990 [main] INFO  (AbstractHandlerMethodMapping.java:543) - Mapped "{[/error],produces=[text/html]}" onto public org.springframework.web.servlet.ModelAndView org.springframework.boot.autoconfigure.web.BasicErrorController.errorHtml(javax.servlet.http.HttpServletRequest,javax.servlet.http.HttpServletResponse)
2022-07-21T15:02:16,991 [main] INFO  (AbstractHandlerMethodMapping.java:543) - Mapped "{[/error]}" onto public org.springframework.http.ResponseEntity<java.util.Map<java.lang.String, java.lang.Object>> org.springframework.boot.autoconfigure.web.BasicErrorController.error(javax.servlet.http.HttpServletRequest)
2022-07-21T15:02:17,062 [main] INFO  (AbstractUrlHandlerMapping.java:362) - Mapped URL path [/webjars/**] onto handler of type [class org.springframework.web.servlet.resource.ResourceHttpRequestHandler]
2022-07-21T15:02:17,062 [main] INFO  (AbstractUrlHandlerMapping.java:362) - Mapped URL path [/**] onto handler of type [class org.springframework.web.servlet.resource.ResourceHttpRequestHandler]
2022-07-21T15:02:17,166 [main] INFO  (AbstractUrlHandlerMapping.java:362) - Mapped URL path [/**/favicon.ico] onto handler of type [class org.springframework.web.servlet.resource.ResourceHttpRequestHandler]
2022-07-21T15:02:17,439 [main] INFO  (MBeanExporter.java:431) - Registering beans for JMX exposure on startup
2022-07-21T15:02:17,466 [main] INFO  (DirectJDKLog.java:179) - Initializing ProtocolHandler ["http-nio-8080"]
2022-07-21T15:02:17,485 [main] INFO  (DirectJDKLog.java:179) - Starting ProtocolHandler ["http-nio-8080"]
2022-07-21T15:02:17,497 [main] INFO  (DirectJDKLog.java:179) - Using a shared selector for servlet write/read
2022-07-21T15:02:17,516 [main] INFO  (TomcatEmbeddedServletContainer.java:198) - Tomcat started on port(s): 8080 (http)
2022-07-21T15:02:17,525 [main] INFO  (StartupInfoLogger.java:57) - Started Log4j2Application in 24.075 seconds (JVM running for 30.147)
2022-07-21T15:02:51,417 [http-nio-8080-exec-2] INFO  (DirectJDKLog.java:179) - Initializing Spring FrameworkServlet 'dispatcherServlet'
2022-07-21T15:02:51,418 [http-nio-8080-exec-2] INFO  (FrameworkServlet.java:489) - FrameworkServlet 'dispatcherServlet': initialization started
2022-07-21T15:02:51,469 [http-nio-8080-exec-2] INFO  (FrameworkServlet.java:508) - FrameworkServlet 'dispatcherServlet': initialization completed in 51 ms
2022-07-21T15:02:51,531 [http-nio-8080-exec-2] INFO  (Log4j2Controller.java:25) - API is called for user anuradha
2022-07-21T15:03:41,037 [Thread-3] INFO  (AbstractApplicationContext.java:987) - Closing org.springframework.boot.context.embedded.AnnotationConfigEmbeddedWebApplicationContext@7c53a9eb: startup date [Thu Jul 21 15:02:14 IST 2022]; root of context hierarchy
